<?xml version="1.0" encoding="UTF-8"?>
<!-- Generated by org.testng.reporters.JUnitReportReporter -->
<testsuite hostname="DESKTOP-HTFTRU6" failures="0" tests="4" name="com.tests.LoginTests" time="56.686" errors="0" timestamp="2023-07-14T12:45:54 CEST" skipped="0">
  <testcase classname="com.tests.LoginTests" name="logoutLoggedUser" time="17.693"/>
  <system-out/>
  <testcase classname="com.tests.LoginTests" name="loginWithIncorrectData" time="11.396"/>
  <system-out/>
  <testcase classname="com.tests.LoginTests" name="loginWithCorrectData" time="14.650"/>
  <system-out/>
  <testcase classname="com.tests.LoginTests" name="verifyLoginFieldsAreRequired" time="12.947"/>
  <system-out/>
</testsuite> <!-- com.tests.LoginTests -->
