<?xml version="1.0" encoding="UTF-8"?>
<!-- Generated by org.testng.reporters.JUnitReportReporter -->
<testsuite hostname="DESKTOP-HTFTRU6" failures="0" tests="4" name="com.tests.PlaceOrderTests" time="128.726" errors="0" timestamp="2023-05-25T10:38:18 CEST" skipped="0">
  <testcase classname="com.tests.PlaceOrderTests" name="removeCreatedAccount" time="16.499"/>
  <system-out/>
  <testcase classname="com.tests.PlaceOrderTests" name="placeOrderAndRegisterWhileCheckout" time="32.169"/>
  <system-out/>
  <testcase classname="com.tests.PlaceOrderTests" name="placeOrderBeeingLogin" time="46.982"/>
  <system-out/>
  <testcase classname="com.tests.PlaceOrderTests" name="placeOrderAndLoginWhileCheckout" time="33.076"/>
  <system-out/>
</testsuite> <!-- com.tests.PlaceOrderTests -->
