<?xml version="1.0" encoding="UTF-8"?>
<!-- Generated by org.testng.reporters.JUnitReportReporter -->
<testsuite hostname="DESKTOP-HTFTRU6" failures="0" tests="8" name="com.tests.CartTests" time="201.770" errors="0" timestamp="2023-05-25T10:38:18 CEST" skipped="0">
  <testcase classname="com.tests.CartTests" name="increaceAndVerifyQuantityOfProductInCart_byAddingTwiceTheSameProduct" time="21.072"/>
  <system-out/>
  <testcase classname="com.tests.CartTests" name="removeAllProductFromCart" time="17.329"/>
  <system-out/>
  <testcase classname="com.tests.CartTests" name="verifyrProduct_TotalAmount" time="43.381"/>
  <system-out/>
  <testcase classname="com.tests.CartTests" name="verifyrProduct_priceQuantityTotalMultiplied" time="18.383"/>
  <system-out/>
  <testcase classname="com.tests.CartTests" name="verifyProductIsAddedCorectlyToCart" time="26.854"/>
  <system-out/>
  <testcase classname="com.tests.CartTests" name="verifyProductsAreAddedCorectlyToCart" time="28.261"/>
  <system-out/>
  <testcase classname="com.tests.CartTests" name="removeProductFromCart" time="25.843"/>
  <system-out/>
  <testcase classname="com.tests.CartTests" name="increaceAndVerifyQuantityOfProductInCart_whileIncreasedQuantityInProductDetails" time="20.647"/>
  <system-out/>
</testsuite> <!-- com.tests.CartTests -->
