<?xml version="1.0" encoding="UTF-8"?>
<!-- Generated by org.testng.reporters.JUnitReportReporter -->
<testsuite hostname="DESKTOP-HTFTRU6" failures="0" tests="1" name="com.tests.ExternalLinksTests" time="14.305" errors="0" timestamp="2023-05-25T10:38:18 CEST" skipped="0">
  <testcase classname="com.tests.ExternalLinksTests" name="verifyVideoTutorialsResponseCode" time="14.305"/>
  <system-out/>
</testsuite> <!-- com.tests.ExternalLinksTests -->
