<?xml version="1.0" encoding="UTF-8"?>
<!-- Generated by org.testng.reporters.JUnitReportReporter -->
<testsuite hostname="DESKTOP-HTFTRU6" failures="0" tests="1" name="tests.LoginTests" time="13.345" errors="0" timestamp="2023-07-14T13:58:47 CEST" skipped="0">
  <testcase classname="tests.LoginTests" name="loginWithCorrectData" time="13.345"/>
  <system-out/>
</testsuite> <!-- tests.LoginTests -->
