<?xml version="1.0" encoding="UTF-8"?>
<!-- Generated by org.testng.reporters.JUnitReportReporter -->
<testsuite hostname="DESKTOP-HTFTRU6" failures="0" tests="4" name="com.tests.SignupTests" time="77.351" errors="0" timestamp="2023-05-25T10:38:18 CEST" skipped="0">
  <testcase classname="com.tests.SignupTests" name="verifySignupFieldsAreRequired" time="17.754"/>
  <system-out/>
  <testcase classname="com.tests.SignupTests" name="removeCreatedAccount" time="25.504"/>
  <system-out/>
  <testcase classname="com.tests.SignupTests" name="signinWithExsistingEmail" time="15.219"/>
  <system-out/>
  <testcase classname="com.tests.SignupTests" name="signinWithCorrectData" time="18.874"/>
  <system-out/>
</testsuite> <!-- com.tests.SignupTests -->
