<?xml version="1.0" encoding="UTF-8"?>
<!-- Generated by org.testng.reporters.JUnitReportReporter -->
<testsuite hostname="DESKTOP-HTFTRU6" failures="0" tests="8" name="com.tests.CartTests" time="154.276" errors="0" timestamp="2023-07-14T12:45:54 CEST" skipped="0">
  <testcase classname="com.tests.CartTests" name="verifyrProduct_TotalAmount" time="26.003"/>
  <system-out/>
  <testcase classname="com.tests.CartTests" name="verifyProductsAreAddedCorectlyToCart" time="20.201"/>
  <system-out/>
  <testcase classname="com.tests.CartTests" name="increaceAndVerifyQuantityOfProductInCart_whileIncreasedQuantityInProductDetails" time="15.824"/>
  <system-out/>
  <testcase classname="com.tests.CartTests" name="verifyrProduct_priceQuantityTotalMultiplied" time="18.587"/>
  <system-out/>
  <testcase classname="com.tests.CartTests" name="removeAllProductFromCart" time="26.276"/>
  <system-out/>
  <testcase classname="com.tests.CartTests" name="increaceAndVerifyQuantityOfProductInCart_byAddingTwiceTheSameProduct" time="15.796"/>
  <system-out/>
  <testcase classname="com.tests.CartTests" name="removeProductFromCart" time="15.091"/>
  <system-out/>
  <testcase classname="com.tests.CartTests" name="verifyProductIsAddedCorectlyToCart" time="16.498"/>
  <system-out/>
</testsuite> <!-- com.tests.CartTests -->
