<?xml version="1.0" encoding="UTF-8"?>
<!-- Generated by org.testng.reporters.JUnitReportReporter -->
<testsuite hostname="DESKTOP-HTFTRU6" failures="0" tests="4" name="com.tests.LoginTests" time="78.311" errors="0" timestamp="2023-05-25T10:38:18 CEST" skipped="0">
  <testcase classname="com.tests.LoginTests" name="loginWithIncorrectData" time="19.216"/>
  <system-out/>
  <testcase classname="com.tests.LoginTests" name="verifyLoginFieldsAreRequired" time="16.434"/>
  <system-out/>
  <testcase classname="com.tests.LoginTests" name="logoutLoggedUser" time="26.587"/>
  <system-out/>
  <testcase classname="com.tests.LoginTests" name="loginWithCorrectData" time="16.074"/>
  <system-out/>
</testsuite> <!-- com.tests.LoginTests -->
