<?xml version="1.0" encoding="UTF-8"?>
<!-- Generated by org.testng.reporters.JUnitReportReporter -->
<testsuite hostname="DESKTOP-HTFTRU6" failures="0" tests="4" name="com.tests.PlaceOrderTests" time="114.291" errors="0" timestamp="2023-07-14T12:59:31 CEST" skipped="0">
  <testcase classname="com.tests.PlaceOrderTests" name="placeOrderBeeingLogin" time="22.990"/>
  <system-out/>
  <testcase classname="com.tests.PlaceOrderTests" name="placeOrderAndLoginWhileCheckout" time="38.485"/>
  <system-out/>
  <testcase classname="com.tests.PlaceOrderTests" name="placeOrderAndRegisterWhileCheckout" time="27.604"/>
  <system-out/>
  <testcase classname="com.tests.PlaceOrderTests" name="removeCreatedAccount" time="25.212"/>
  <system-out/>
</testsuite> <!-- com.tests.PlaceOrderTests -->
