<?xml version="1.0" encoding="UTF-8"?>
<!-- Generated by org.testng.reporters.JUnitReportReporter -->
<testsuite hostname="DESKTOP-HTFTRU6" failures="0" tests="4" name="com.tests.SignupTests" time="57.203" errors="0" timestamp="2023-07-14T12:45:54 CEST" skipped="0">
  <testcase classname="com.tests.SignupTests" name="removeCreatedAccount" time="21.050"/>
  <system-out/>
  <testcase classname="com.tests.SignupTests" name="signinWithCorrectData" time="15.990"/>
  <system-out/>
  <testcase classname="com.tests.SignupTests" name="signinWithExsistingEmail" time="9.812"/>
  <system-out/>
  <testcase classname="com.tests.SignupTests" name="verifySignupFieldsAreRequired" time="10.351"/>
  <system-out/>
</testsuite> <!-- com.tests.SignupTests -->
