<?xml version="1.0" encoding="UTF-8"?>
<!-- Generated by org.testng.reporters.JUnitReportReporter -->
<testsuite hostname="DESKTOP-HTFTRU6" failures="0" tests="1" name="com.tests.ExternalLinksTests" time="19.610" errors="0" timestamp="2023-07-14T12:45:54 CEST" skipped="0">
  <testcase classname="com.tests.ExternalLinksTests" name="verifyVideoTutorialsResponseCode" time="19.610"/>
  <system-out/>
</testsuite> <!-- com.tests.ExternalLinksTests -->
