<?xml version="1.0" encoding="UTF-8"?>
<!-- Generated by org.testng.reporters.JUnitReportReporter -->
<testsuite hostname="DESKTOP-HTFTRU6" failures="0" tests="3" name="com.tests.BuyProductTest" time="43.257" errors="0" timestamp="2023-04-16T18:19:51 CEST" skipped="0">
  <testcase classname="com.tests.BuyProductTest" name="buyOneProduct" time="12.754"/>
  <system-out/>
  <testcase classname="com.tests.BuyProductTest" name="buyFewProducts" time="20.085"/>
  <system-out/>
  <testcase classname="com.tests.BuyProductTest" name="checkOrder" time="10.418"/>
  <system-out/>
</testsuite> <!-- com.tests.BuyProductTest -->
