<?xml version="1.0" encoding="UTF-8"?>
<!-- Generated by org.testng.reporters.JUnitReportReporter -->
<testsuite hostname="DESKTOP-HTFTRU6" failures="0" tests="3" name="com.tests.ProductsTests" time="54.892" errors="0" timestamp="2023-05-25T10:38:18 CEST" skipped="0">
  <testcase classname="com.tests.ProductsTests" name="verifyProductDetailsValue" time="13.966"/>
  <system-out/>
  <testcase classname="com.tests.ProductsTests" name="verifyProductDetailsVisibility" time="20.424"/>
  <system-out/>
  <testcase classname="com.tests.ProductsTests" name="verifyAllProductsRelatedToSearchAreVisible" time="20.502"/>
  <system-out/>
</testsuite> <!-- com.tests.ProductsTests -->
