<?xml version="1.0" encoding="UTF-8"?>
<!-- Generated by org.testng.reporters.JUnitReportReporter -->
<testsuite hostname="DESKTOP-HTFTRU6" failures="0" tests="1" name="com.tests.ContactUsTests" time="20.734" errors="0" timestamp="2023-05-25T10:38:18 CEST" skipped="0">
  <testcase classname="com.tests.ContactUsTests" name="sendQuestionWithFile" time="20.734"/>
  <system-out/>
</testsuite> <!-- com.tests.ContactUsTests -->
