<?xml version="1.0" encoding="UTF-8"?>
<!-- Generated by org.testng.reporters.JUnitReportReporter -->
<testsuite hostname="DESKTOP-HTFTRU6" failures="0" tests="3" name="com.tests.ProductsTests" time="59.735" errors="0" timestamp="2023-07-14T12:45:54 CEST" skipped="0">
  <testcase classname="com.tests.ProductsTests" name="verifyProductDetailsValue" time="22.822"/>
  <system-out/>
  <testcase classname="com.tests.ProductsTests" name="verifyAllProductsRelatedToSearchAreVisible" time="18.284"/>
  <system-out/>
  <testcase classname="com.tests.ProductsTests" name="verifyProductDetailsVisibility" time="18.629"/>
  <system-out/>
</testsuite> <!-- com.tests.ProductsTests -->
